#
# There is insufficient memory for the Java Runtime Environment to continue.
# Native memory allocation (mmap) failed to map 268435456 bytes for Failed to commit area from 0x0000000701e00000 to 0x0000000711e00000 of length 268435456.
# Possible reasons:
#   The system is out of physical RAM or swap space
#   The process is running with CompressedOops enabled, and the Java Heap may be blocking the growth of the native heap
# Possible solutions:
#   Reduce memory load on the system
#   Increase physical memory or swap space
#   Check if swap backing store is full
#   Decrease Java heap size (-Xmx/-Xms)
#   Decrease number of Java threads
#   Decrease Java thread stack sizes (-Xss)
#   Set larger code cache with -XX:ReservedCodeCacheSize=
# This output file may be truncated or incomplete.
#
#  Out of Memory Error (./src/hotspot/os/windows/os_windows.cpp:3303), pid=28356, tid=11644
#
# JRE version:  (11.0.8+10) (build )
# Java VM: OpenJDK 64-Bit Server VM (11.0.8+10-b944.34, mixed mode, sharing, tiered, compressed oops, g1 gc, windows-amd64)
# No core dump will be written. Minidumps are not enabled by default on client versions of Windows
#

---------------  S U M M A R Y ------------

Command Line: -Djava.net.preferIPv4Stack=true org.jetbrains.git4idea.http.GitAskPassApp Username for 'https://sk-university-dev-git.cloudzcp.io': 

Host: Intel(R) Core(TM) i5-8265U CPU @ 1.60GHz, 8 cores, 15G,  Windows 10 , 64 bit Build 19041 (10.0.19041.1202)
Time: Tue Oct 26 18:17:56 2021 대한민국 표준시 elapsed time: 0 seconds (0d 0h 0m 0s)

---------------  T H R E A D  ---------------

Current thread (0x000001b4b056e000):  JavaThread "Unknown thread" [_thread_in_vm, id=11644, stack(0x00000072c2500000,0x00000072c2600000)]

Stack: [0x00000072c2500000,0x00000072c2600000]
Native frames: (J=compiled Java code, j=interpreted, Vv=VM code, C=native code)
V  [jvm.dll+0x5de35a]
V  [jvm.dll+0x712355]
V  [jvm.dll+0x7138ad]
V  [jvm.dll+0x713f63]
V  [jvm.dll+0x23e628]
V  [jvm.dll+0x5db804]
V  [jvm.dll+0x5d0925]
V  [jvm.dll+0x2faf9b]
V  [jvm.dll+0x2faf0a]
V  [jvm.dll+0x2fade2]
V  [jvm.dll+0x2ffcb6]
V  [jvm.dll+0x3483a3]
V  [jvm.dll+0x348aa6]
V  [jvm.dll+0x3484a3]
V  [jvm.dll+0x2d5be8]
V  [jvm.dll+0x2d6d87]
V  [jvm.dll+0x6f10e7]
V  [jvm.dll+0x6f28dc]
V  [jvm.dll+0x3558f9]
V  [jvm.dll+0x6d492e]
V  [jvm.dll+0x3bdad3]
V  [jvm.dll+0x3bfd01]
C  [jli.dll+0x5373]
C  [ucrtbase.dll+0x21bb2]
C  [KERNEL32.DLL+0x17034]
C  [ntdll.dll+0x52651]


---------------  P R O C E S S  ---------------

Threads class SMR info:
_java_thread_list=0x000001b4ae352280, length=0, elements={
}

Java Threads: ( => current thread )

Other Threads:
  0x000001b4b0585000 GCTaskThread "GC Thread#0" [stack: 0x00000072c2600000,0x00000072c2700000] [id=22952]
  0x000001b4b05e3000 ConcurrentGCThread "G1 Main Marker" [stack: 0x00000072c2700000,0x00000072c2800000] [id=22616]
  0x000001b4b05e5800 ConcurrentGCThread "G1 Conc#0" [stack: 0x00000072c2800000,0x00000072c2900000] [id=16000]

[error occurred during error reporting (printing all threads), id 0xc0000005, EXCEPTION_ACCESS_VIOLATION (0xc0000005) at pc=0x00007ffd872060c7]

VM state:not at safepoint (not fully initialized)

VM Mutex/Monitor currently owned by a thread:  ([mutex/lock_event])
[0x000001b4b056aaa0] Heap_lock - owner thread: 0x000001b4b056e000

Heap address: 0x0000000701e00000, size: 4066 MB, Compressed Oops mode: Non-zero based: 0x0000000701e00000
Narrow klass base: 0x0000000000000000, Narrow klass shift: 0

GC Heap History (0 events):
No events

Deoptimization events (0 events):
No events

Classes redefined (0 events):
No events

Internal exceptions (0 events):
No events

Events (1 events):
Event: 0.014 Loaded shared library C:\Program Files\JetBrains\IntelliJ IDEA 2020.2.3\jbr\bin\zip.dll


Dynamic libraries:
0x00007ff62ecb0000 - 0x00007ff62ecba000 	C:\Program Files\JetBrains\IntelliJ IDEA 2020.2.3\jbr\bin\java.exe
0x00007ffdb96d0000 - 0x00007ffdb98c5000 	C:\WINDOWS\SYSTEM32\ntdll.dll
0x00007ffdb91f0000 - 0x00007ffdb92ae000 	C:\WINDOWS\System32\KERNEL32.DLL
0x00007ffdb71b0000 - 0x00007ffdb7479000 	C:\WINDOWS\System32\KERNELBASE.dll
0x00007ffdb7590000 - 0x00007ffdb7690000 	C:\WINDOWS\System32\ucrtbase.dll
0x00007ffda9670000 - 0x00007ffda9689000 	C:\Program Files\JetBrains\IntelliJ IDEA 2020.2.3\jbr\bin\jli.dll
0x00007ffdaf770000 - 0x00007ffdaf787000 	C:\Program Files\JetBrains\IntelliJ IDEA 2020.2.3\jbr\bin\VCRUNTIME140.dll
0x00007ffdb8a60000 - 0x00007ffdb8c01000 	C:\WINDOWS\System32\USER32.dll
0x00007ffdb7180000 - 0x00007ffdb71a2000 	C:\WINDOWS\System32\win32u.dll
0x00007ffdb8020000 - 0x00007ffdb804b000 	C:\WINDOWS\System32\GDI32.dll
0x00007ffd8e480000 - 0x00007ffd8e71a000 	C:\WINDOWS\WinSxS\amd64_microsoft.windows.common-controls_6595b64144ccf1df_6.0.19041.1110_none_60b5254171f9507e\COMCTL32.dll
0x00007ffdb7480000 - 0x00007ffdb758b000 	C:\WINDOWS\System32\gdi32full.dll
0x00007ffdb95e0000 - 0x00007ffdb967e000 	C:\WINDOWS\System32\msvcrt.dll
0x00007ffdb6e80000 - 0x00007ffdb6f1d000 	C:\WINDOWS\System32\msvcp_win.dll
0x00007ffdb91c0000 - 0x00007ffdb91f0000 	C:\WINDOWS\System32\IMM32.DLL
0x00007ffd8f6e0000 - 0x00007ffd8f77d000 	C:\Program Files\JetBrains\IntelliJ IDEA 2020.2.3\jbr\bin\msvcp140.dll
0x00007ffd86f20000 - 0x00007ffd879dd000 	C:\Program Files\JetBrains\IntelliJ IDEA 2020.2.3\jbr\bin\server\jvm.dll
0x00007ffdb8870000 - 0x00007ffdb891c000 	C:\WINDOWS\System32\ADVAPI32.dll
0x00007ffdb8cb0000 - 0x00007ffdb8d4b000 	C:\WINDOWS\System32\sechost.dll
0x00007ffdb92b0000 - 0x00007ffdb93da000 	C:\WINDOWS\System32\RPCRT4.dll
0x00007ffdb9680000 - 0x00007ffdb9688000 	C:\WINDOWS\System32\PSAPI.DLL
0x00007ffd9d810000 - 0x00007ffd9d837000 	C:\WINDOWS\SYSTEM32\WINMM.dll
0x00007ffdaf810000 - 0x00007ffdaf819000 	C:\WINDOWS\SYSTEM32\WSOCK32.dll
0x00007ffdb8650000 - 0x00007ffdb86bb000 	C:\WINDOWS\System32\WS2_32.dll
0x00007ffdb49c0000 - 0x00007ffdb49ca000 	C:\WINDOWS\SYSTEM32\VERSION.dll
0x00007ffdb56c0000 - 0x00007ffdb56d2000 	C:\WINDOWS\SYSTEM32\kernel.appcore.dll
0x00007ffdaf7f0000 - 0x00007ffdaf801000 	C:\Program Files\JetBrains\IntelliJ IDEA 2020.2.3\jbr\bin\verify.dll
0x00007ffdb4790000 - 0x00007ffdb4974000 	C:\WINDOWS\SYSTEM32\DBGHELP.DLL
0x00007ffda8e40000 - 0x00007ffda8e6c000 	C:\WINDOWS\SYSTEM32\dbgcore.DLL
0x00007ffdb7690000 - 0x00007ffdb7713000 	C:\WINDOWS\System32\bcryptPrimitives.dll
0x00007ffdaf7c0000 - 0x00007ffdaf7e9000 	C:\Program Files\JetBrains\IntelliJ IDEA 2020.2.3\jbr\bin\java.dll
0x00007ffdaf7b0000 - 0x00007ffdaf7bb000 	C:\Program Files\JetBrains\IntelliJ IDEA 2020.2.3\jbr\bin\jimage.dll
0x00007ffdaf4a0000 - 0x00007ffdaf4b8000 	C:\Program Files\JetBrains\IntelliJ IDEA 2020.2.3\jbr\bin\zip.dll

dbghelp: loaded successfully - version: 4.0.5 - missing functions: none
symbol engine: initialized successfully - sym options: 0x614 - pdb path: .;C:\Program Files\JetBrains\IntelliJ IDEA 2020.2.3\jbr\bin;C:\WINDOWS\SYSTEM32;C:\WINDOWS\WinSxS\amd64_microsoft.windows.common-controls_6595b64144ccf1df_6.0.19041.1110_none_60b5254171f9507e;C:\Program Files\JetBrains\IntelliJ IDEA 2020.2.3\jbr\bin\server

VM Arguments:
jvm_args: -Djava.net.preferIPv4Stack=true 
java_command: org.jetbrains.git4idea.http.GitAskPassApp Username for 'https://sk-university-dev-git.cloudzcp.io': 
java_class_path (initial): C:/Program Files/JetBrains/IntelliJ IDEA 2020.2.3/plugins/git4idea/lib/git4idea-rt.jar;C:/Program Files/JetBrains/IntelliJ IDEA 2020.2.3/lib/xmlrpc-2.0.1.jar;C:/Program Files/JetBrains/IntelliJ IDEA 2020.2.3/lib/commons-codec-1.14.jar
Launcher Type: SUN_STANDARD

[Global flags]
     intx CICompilerCount                          = 4                                         {product} {ergonomic}
     uint ConcGCThreads                            = 2                                         {product} {ergonomic}
     uint G1ConcRefinementThreads                  = 8                                         {product} {ergonomic}
   size_t G1HeapRegionSize                         = 1048576                                   {product} {ergonomic}
    uintx GCDrainStackTargetSize                   = 64                                        {product} {ergonomic}
   size_t InitialHeapSize                          = 268435456                                 {product} {ergonomic}
   size_t MarkStackSize                            = 4194304                                   {product} {ergonomic}
   size_t MaxHeapSize                              = 4263510016                                {product} {ergonomic}
   size_t MinHeapDeltaBytes                        = 1048576                                   {product} {ergonomic}
    uintx NonNMethodCodeHeapSize                   = 5836300                                {pd product} {ergonomic}
    uintx NonProfiledCodeHeapSize                  = 122910970                              {pd product} {ergonomic}
    uintx ProfiledCodeHeapSize                     = 122910970                              {pd product} {ergonomic}
    uintx ReservedCodeCacheSize                    = 251658240                              {pd product} {ergonomic}
     bool SegmentedCodeCache                       = true                                      {product} {ergonomic}
     bool UseCompressedClassPointers               = true                                 {lp64_product} {ergonomic}
     bool UseCompressedOops                        = true                                 {lp64_product} {ergonomic}
     bool UseG1GC                                  = true                                      {product} {ergonomic}
     bool UseLargePagesIndividualAllocation        = false                                  {pd product} {ergonomic}

Logging:
Log output configuration:
 #0: stdout all=warning uptime,level,tags
 #1: stderr all=off uptime,level,tags

Environment Variables:
JAVA_HOME=C:\Program Files\Java\jdk8u275-b01
JAVA_TOOL_OPTIONS=-Djava.net.preferIPv4Stack=true
PATH=C:\Program Files\Git\mingw64\libexec\git-core;C:\Program Files\Git\mingw64\libexec\git-core;C:\Program Files\Git\mingw64\bin;C:\Program Files\Git\usr\bin;C:\Users\nextree\bin;C:\WINDOWS\Softcamp\SDK;C:\WINDOWS\Softcamp\SDS\x64;C:\WINDOWS\Softcamp\SDS;C:\Program Files\Common Files\Oracle\Java\javapath;C:\Program Files\Git\usr\bin;C:\Program Files\nodejs;C:\Windows\System32;%ZOOKEEPER_HOME%\bin;C:\windows\System32\wbem;C:\WINDOWS\system32;C:\WINDOWS;C:\WINDOWS\System32\Wbem;C:\WINDOWS\System32\WindowsPowerShell\v1.0;C:\WINDOWS\System32\OpenSSH;C:\Users\nextree\AppData\Local\Microsoft\WindowsApps;C:\Users\nextree\AppData\Roaming\npm;C:\Program Files\Java\jdk8u275-b01\bin;C:\Program Files\Git\mingw64\libexec\git-core\git-upload-pack.exe;C:\Users\nextree\AppData\Roaming\npm\node_modules\typescript\bin\tsc;C:\Users\nextree\AppData\Local\Programs\Fiddler;D:\tool\vscode\Microsoft VS Code\bin
USERNAME=nextree
DISPLAY=:0.0
LC_ALL=en_US.UTF-8
OS=Windows_NT
PROCESSOR_IDENTIFIER=Intel64 Family 6 Model 142 Stepping 11, GenuineIntel



---------------  S Y S T E M  ---------------

OS: Windows 10 , 64 bit Build 19041 (10.0.19041.1202)
OS uptime: 12 days 20:19 hours

CPU:total 8 (initial active 8) (4 cores per cpu, 2 threads per core) family 6 model 142 stepping 11, cmov, cx8, fxsr, mmx, sse, sse2, sse3, ssse3, sse4.1, sse4.2, popcnt, avx, avx2, aes, clmul, erms, 3dnowpref, lzcnt, ht, tsc, tscinvbit, bmi1, bmi2, adx, fma

Memory: 4k page, system-wide physical 16259M (3626M free)
TotalPageFile size 27853M (AvailPageFile size 167M)
current process WorkingSet (physical memory assigned to process): 10M, peak: 10M
current process commit charge ("private bytes"): 60M, peak: 316M

vm_info: OpenJDK 64-Bit Server VM (11.0.8+10-b944.34) for windows-amd64 JRE (11.0.8+10-b944.34), built on Sep 11 2020 15:32:11 by "" with MS VC++ 14.0 (VS2015)

END.
