#
# There is insufficient memory for the Java Runtime Environment to continue.
# Native memory allocation (mmap) failed to map 268435456 bytes for Failed to commit area from 0x0000000701e00000 to 0x0000000711e00000 of length 268435456.
# Possible reasons:
#   The system is out of physical RAM or swap space
#   The process is running with CompressedOops enabled, and the Java Heap may be blocking the growth of the native heap
# Possible solutions:
#   Reduce memory load on the system
#   Increase physical memory or swap space
#   Check if swap backing store is full
#   Decrease Java heap size (-Xmx/-Xms)
#   Decrease number of Java threads
#   Decrease Java thread stack sizes (-Xss)
#   Set larger code cache with -XX:ReservedCodeCacheSize=
# This output file may be truncated or incomplete.
#
#  Out of Memory Error (./src/hotspot/os/windows/os_windows.cpp:3303), pid=25332, tid=29056
#
# JRE version:  (11.0.8+10) (build )
# Java VM: OpenJDK 64-Bit Server VM (11.0.8+10-b944.34, mixed mode, sharing, tiered, compressed oops, g1 gc, windows-amd64)
# No core dump will be written. Minidumps are not enabled by default on client versions of Windows
#

---------------  S U M M A R Y ------------

Command Line: -Djava.net.preferIPv4Stack=true org.jetbrains.git4idea.http.GitAskPassApp Username for 'https://sk-university-dev-git.cloudzcp.io': 

Host: Intel(R) Core(TM) i5-8265U CPU @ 1.60GHz, 8 cores, 15G,  Windows 10 , 64 bit Build 19041 (10.0.19041.1466)
Time: Fri Jan 21 14:51:12 2022 대한민국 표준시 elapsed time: 0 seconds (0d 0h 0m 0s)

---------------  T H R E A D  ---------------

Current thread (0x00000226cdf8e000):  JavaThread "Unknown thread" [_thread_in_vm, id=29056, stack(0x0000009f4a300000,0x0000009f4a400000)]

Stack: [0x0000009f4a300000,0x0000009f4a400000]
Native frames: (J=compiled Java code, j=interpreted, Vv=VM code, C=native code)
V  [jvm.dll+0x5de35a]
V  [jvm.dll+0x712355]
V  [jvm.dll+0x7138ad]
V  [jvm.dll+0x713f63]
V  [jvm.dll+0x23e628]
V  [jvm.dll+0x5db804]
V  [jvm.dll+0x5d0925]
V  [jvm.dll+0x2faf9b]
V  [jvm.dll+0x2faf0a]
V  [jvm.dll+0x2fade2]
V  [jvm.dll+0x2ffcb6]
V  [jvm.dll+0x3483a3]
V  [jvm.dll+0x348aa6]
V  [jvm.dll+0x3484a3]
V  [jvm.dll+0x2d5be8]
V  [jvm.dll+0x2d6d87]
V  [jvm.dll+0x6f10e7]
V  [jvm.dll+0x6f28dc]
V  [jvm.dll+0x3558f9]
V  [jvm.dll+0x6d492e]
V  [jvm.dll+0x3bdad3]
V  [jvm.dll+0x3bfd01]
C  [jli.dll+0x5373]
C  [ucrtbase.dll+0x21bb2]
C  [KERNEL32.DLL+0x17034]
C  [ntdll.dll+0x52651]


---------------  P R O C E S S  ---------------

Threads class SMR info:
_java_thread_list=0x00000226cbef26d0, length=0, elements={
}

Java Threads: ( => current thread )

Other Threads:
  0x00000226cdfa5000 GCTaskThread "GC Thread#0" [stack: 0x0000009f4a400000,0x0000009f4a500000] [id=20504]
  0x00000226ce003800 ConcurrentGCThread "G1 Main Marker" [stack: 0x0000009f4a500000,0x0000009f4a600000] [id=19300]
  0x00000226ce007000 ConcurrentGCThread "G1 Conc#0" [stack: 0x0000009f4a600000,0x0000009f4a700000] [id=18236]

[error occurred during error reporting (printing all threads), id 0xc0000005, EXCEPTION_ACCESS_VIOLATION (0xc0000005) at pc=0x00007ffa1a4b60c7]

VM state:not at safepoint (not fully initialized)

VM Mutex/Monitor currently owned by a thread:  ([mutex/lock_event])
[0x00000226cdf8a230] Heap_lock - owner thread: 0x00000226cdf8e000

Heap address: 0x0000000701e00000, size: 4066 MB, Compressed Oops mode: Non-zero based: 0x0000000701e00000
Narrow klass base: 0x0000000000000000, Narrow klass shift: 0

GC Heap History (0 events):
No events

Deoptimization events (0 events):
No events

Classes redefined (0 events):
No events

Internal exceptions (0 events):
No events

Events (1 events):
Event: 0.017 Loaded shared library C:\Program Files\JetBrains\IntelliJ IDEA 2020.2.3\jbr\bin\zip.dll


Dynamic libraries:
0x00007ff786ba0000 - 0x00007ff786baa000 	C:\Program Files\JetBrains\IntelliJ IDEA 2020.2.3\jbr\bin\java.exe
0x00007ffa8fd30000 - 0x00007ffa8ff25000 	C:\WINDOWS\SYSTEM32\ntdll.dll
0x00007ffa8f600000 - 0x00007ffa8f6be000 	C:\WINDOWS\System32\KERNEL32.DLL
0x00007ffa8da50000 - 0x00007ffa8dd18000 	C:\WINDOWS\System32\KERNELBASE.dll
0x00007ffa8d630000 - 0x00007ffa8d730000 	C:\WINDOWS\System32\ucrtbase.dll
0x00007ffa7bbd0000 - 0x00007ffa7bbe9000 	C:\Program Files\JetBrains\IntelliJ IDEA 2020.2.3\jbr\bin\jli.dll
0x00007ffa7b880000 - 0x00007ffa7b897000 	C:\Program Files\JetBrains\IntelliJ IDEA 2020.2.3\jbr\bin\VCRUNTIME140.dll
0x00007ffa8f060000 - 0x00007ffa8f201000 	C:\WINDOWS\System32\USER32.dll
0x00007ffa8da20000 - 0x00007ffa8da42000 	C:\WINDOWS\System32\win32u.dll
0x00007ffa8f500000 - 0x00007ffa8f52b000 	C:\WINDOWS\System32\GDI32.dll
0x00007ffa61370000 - 0x00007ffa6160a000 	C:\WINDOWS\WinSxS\amd64_microsoft.windows.common-controls_6595b64144ccf1df_6.0.19041.1110_none_60b5254171f9507e\COMCTL32.dll
0x00007ffa8d730000 - 0x00007ffa8d83d000 	C:\WINDOWS\System32\gdi32full.dll
0x00007ffa8f6c0000 - 0x00007ffa8f75e000 	C:\WINDOWS\System32\msvcrt.dll
0x00007ffa8d950000 - 0x00007ffa8d9ed000 	C:\WINDOWS\System32\msvcp_win.dll
0x00007ffa8e560000 - 0x00007ffa8e590000 	C:\WINDOWS\System32\IMM32.DLL
0x00007ffa60630000 - 0x00007ffa606cd000 	C:\Program Files\JetBrains\IntelliJ IDEA 2020.2.3\jbr\bin\msvcp140.dll
0x00007ffa1a1d0000 - 0x00007ffa1ac8d000 	C:\Program Files\JetBrains\IntelliJ IDEA 2020.2.3\jbr\bin\server\jvm.dll
0x00007ffa8ecf0000 - 0x00007ffa8ed9e000 	C:\WINDOWS\System32\ADVAPI32.dll
0x00007ffa8f460000 - 0x00007ffa8f4fc000 	C:\WINDOWS\System32\sechost.dll
0x00007ffa8f210000 - 0x00007ffa8f335000 	C:\WINDOWS\System32\RPCRT4.dll
0x00007ffa8fce0000 - 0x00007ffa8fce8000 	C:\WINDOWS\System32\PSAPI.DLL
0x00007ffa70d70000 - 0x00007ffa70d97000 	C:\WINDOWS\SYSTEM32\WINMM.dll
0x00007ffa8b770000 - 0x00007ffa8b77a000 	C:\WINDOWS\SYSTEM32\VERSION.dll
0x00007ffa86dc0000 - 0x00007ffa86dc9000 	C:\WINDOWS\SYSTEM32\WSOCK32.dll
0x00007ffa8f760000 - 0x00007ffa8f7cb000 	C:\WINDOWS\System32\WS2_32.dll
0x00007ffa8bcd0000 - 0x00007ffa8bce2000 	C:\WINDOWS\SYSTEM32\kernel.appcore.dll
0x00007ffa85850000 - 0x00007ffa85861000 	C:\Program Files\JetBrains\IntelliJ IDEA 2020.2.3\jbr\bin\verify.dll
0x00007ffa8b540000 - 0x00007ffa8b724000 	C:\WINDOWS\SYSTEM32\DBGHELP.DLL
0x00007ffa7a250000 - 0x00007ffa7a27c000 	C:\WINDOWS\SYSTEM32\dbgcore.DLL
0x00007ffa8d5a0000 - 0x00007ffa8d622000 	C:\WINDOWS\System32\bcryptPrimitives.dll
0x00007ffa85820000 - 0x00007ffa85849000 	C:\Program Files\JetBrains\IntelliJ IDEA 2020.2.3\jbr\bin\java.dll
0x00007ffa86db0000 - 0x00007ffa86dbb000 	C:\Program Files\JetBrains\IntelliJ IDEA 2020.2.3\jbr\bin\jimage.dll
0x00007ffa7ce00000 - 0x00007ffa7ce18000 	C:\Program Files\JetBrains\IntelliJ IDEA 2020.2.3\jbr\bin\zip.dll

dbghelp: loaded successfully - version: 4.0.5 - missing functions: none
symbol engine: initialized successfully - sym options: 0x614 - pdb path: .;C:\Program Files\JetBrains\IntelliJ IDEA 2020.2.3\jbr\bin;C:\WINDOWS\SYSTEM32;C:\WINDOWS\WinSxS\amd64_microsoft.windows.common-controls_6595b64144ccf1df_6.0.19041.1110_none_60b5254171f9507e;C:\Program Files\JetBrains\IntelliJ IDEA 2020.2.3\jbr\bin\server

VM Arguments:
jvm_args: -Djava.net.preferIPv4Stack=true 
java_command: org.jetbrains.git4idea.http.GitAskPassApp Username for 'https://sk-university-dev-git.cloudzcp.io': 
java_class_path (initial): C:/Program Files/JetBrains/IntelliJ IDEA 2020.2.3/plugins/git4idea/lib/git4idea-rt.jar;C:/Program Files/JetBrains/IntelliJ IDEA 2020.2.3/lib/xmlrpc-2.0.1.jar;C:/Program Files/JetBrains/IntelliJ IDEA 2020.2.3/lib/commons-codec-1.14.jar
Launcher Type: SUN_STANDARD

[Global flags]
     intx CICompilerCount                          = 4                                         {product} {ergonomic}
     uint ConcGCThreads                            = 2                                         {product} {ergonomic}
     uint G1ConcRefinementThreads                  = 8                                         {product} {ergonomic}
   size_t G1HeapRegionSize                         = 1048576                                   {product} {ergonomic}
    uintx GCDrainStackTargetSize                   = 64                                        {product} {ergonomic}
   size_t InitialHeapSize                          = 268435456                                 {product} {ergonomic}
   size_t MarkStackSize                            = 4194304                                   {product} {ergonomic}
   size_t MaxHeapSize                              = 4263510016                                {product} {ergonomic}
   size_t MinHeapDeltaBytes                        = 1048576                                   {product} {ergonomic}
    uintx NonNMethodCodeHeapSize                   = 5836300                                {pd product} {ergonomic}
    uintx NonProfiledCodeHeapSize                  = 122910970                              {pd product} {ergonomic}
    uintx ProfiledCodeHeapSize                     = 122910970                              {pd product} {ergonomic}
    uintx ReservedCodeCacheSize                    = 251658240                              {pd product} {ergonomic}
     bool SegmentedCodeCache                       = true                                      {product} {ergonomic}
     bool UseCompressedClassPointers               = true                                 {lp64_product} {ergonomic}
     bool UseCompressedOops                        = true                                 {lp64_product} {ergonomic}
     bool UseG1GC                                  = true                                      {product} {ergonomic}
     bool UseLargePagesIndividualAllocation        = false                                  {pd product} {ergonomic}

Logging:
Log output configuration:
 #0: stdout all=warning uptime,level,tags
 #1: stderr all=off uptime,level,tags

Environment Variables:
JAVA_HOME=C:\Program Files\Java\jdk8u275-b01
JAVA_TOOL_OPTIONS=-Djava.net.preferIPv4Stack=true
PATH=C:\Program Files\Git\mingw64\libexec\git-core;C:\Program Files\Git\mingw64\libexec\git-core;C:\Program Files\Git\mingw64\bin;C:\Program Files\Git\usr\bin;C:\Users\nextree\bin;C:\WINDOWS\Softcamp\SDK;C:\WINDOWS\Softcamp\SDS\x64;C:\WINDOWS\Softcamp\SDS;C:\Program Files\Common Files\Oracle\Java\javapath;C:\Program Files\Git\usr\bin;C:\Program Files\nodejs;C:\Windows\System32;%ZOOKEEPER_HOME%\bin;C:\windows\System32\wbem;C:\WINDOWS\system32;C:\WINDOWS;C:\WINDOWS\System32\Wbem;C:\WINDOWS\System32\WindowsPowerShell\v1.0;C:\WINDOWS\System32\OpenSSH;C:\Program Files\nodejs;C:\Program Files\Docker\Docker\resources\bin;C:\ProgramData\DockerDesktop\version-bin;C:\Users\nextree\AppData\Local\Microsoft\WindowsApps;C:\Program Files\Java\jdk8u275-b01\bin;C:\Program Files\Git\mingw64\libexec\git-core\git-upload-pack.exe;C:\Users\nextree\AppData\Roaming\npm\node_modules\typescript\bin\tsc;C:\Users\nextree\AppData\Local\Programs\Fiddler;D:\tool\vscode\Microsoft VS Code\bin;C:\Users\nextree\AppData\Roaming\npm
USERNAME=nextree
DISPLAY=:0.0
LC_ALL=en_US.UTF-8
OS=Windows_NT
PROCESSOR_IDENTIFIER=Intel64 Family 6 Model 142 Stepping 11, GenuineIntel



---------------  S Y S T E M  ---------------

OS: Windows 10 , 64 bit Build 19041 (10.0.19041.1466)
OS uptime: 8 days 17:25 hours
HyperV virtualization detected

CPU:total 8 (initial active 8) (4 cores per cpu, 2 threads per core) family 6 model 142 stepping 11, cmov, cx8, fxsr, mmx, sse, sse2, sse3, ssse3, sse4.1, sse4.2, popcnt, avx, avx2, aes, clmul, erms, 3dnowpref, lzcnt, ht, tsc, tscinvbit, bmi1, bmi2, adx, fma

Memory: 4k page, system-wide physical 16259M (3628M free)
TotalPageFile size 27853M (AvailPageFile size 225M)
current process WorkingSet (physical memory assigned to process): 10M, peak: 10M
current process commit charge ("private bytes"): 60M, peak: 316M

vm_info: OpenJDK 64-Bit Server VM (11.0.8+10-b944.34) for windows-amd64 JRE (11.0.8+10-b944.34), built on Sep 11 2020 15:32:11 by "" with MS VC++ 14.0 (VS2015)

END.
